# JRE version: OpenJDK Runtime Environment (7.0_79-b14) (build 1.7.0_79-b14)
# Java VM: OpenJDK Server VM (24.79-b02 mixed mode linux-x86 )
Heap
 PSYoungGen      total 18176K, used 2546K [0x9dd40000, 0x9f180000, 0xb32c0000)
  eden space 15616K, 0% used [0x9dd40000,0x9dd40000,0x9ec80000)
  from space 2560K, 99% used [0x9ec80000,0x9eefc8a8,0x9ef00000)
  to   space 2560K, 0% used [0x9ef00000,0x9ef00000,0x9f180000)
 ParOldGen       total 41216K, used 5218K [0x732c0000, 0x75b00000, 0x9dd40000)
  object space 41216K, 12% used [0x732c0000,0x737d8a18,0x75b00000)
 PSPermGen       total 16384K, used 3933K [0x6b2c0000, 0x6c2c0000, 0x732c0000)
  object space 16384K, 24% used [0x6b2c0000,0x6b6975e8,0x6c2c0000)
GC Heap History (5 events):
Event: 57.557 GC heap before
{Heap before GC invocations=1 (full 0):
 PSYoungGen      total 18176K, used 15616K [0x9dd40000, 0x9f180000, 0xb32c0000)
  eden space 15616K, 100% used [0x9dd40000,0x9ec80000,0x9ec80000)
  from space 2560K, 0% used [0x9ef00000,0x9ef00000,0x9f180000)
  to   space 2560K, 0% used [0x9ec80000,0x9ec80000,0x9ef00000)
 ParOldGen       total 41216K, used 0K [0x732c0000, 0x75b00000, 0x9dd40000)
  object space 41216K, 0% used [0x732c0000,0x732c0000,0x75b00000)
 PSPermGen       total 16384K, used 3798K [0x6b2c0000, 0x6c2c0000, 0x732c0000)
  object space 16384K, 23% used [0x6b2c0000,0x6b6759b8,0x6c2c0000)
Event: 57.723 GC heap after
Heap after GC invocations=1 (full 0):
 PSYoungGen      total 18176K, used 2547K [0x9dd40000, 0x9f180000, 0xb32c0000)
  eden space 15616K, 0% used [0x9dd40000,0x9dd40000,0x9ec80000)
  from space 2560K, 99% used [0x9ec80000,0x9eefce70,0x9ef00000)
  to   space 2560K, 0% used [0x9ef00000,0x9ef00000,0x9f180000)
 ParOldGen       total 41216K, used 1204K [0x732c0000, 0x75b00000, 0x9dd40000)
  object space 41216K, 2% used [0x732c0000,0x733ed0a0,0x75b00000)
 PSPermGen       total 16384K, used 3798K [0x6b2c0000, 0x6c2c0000, 0x732c0000)
  object space 16384K, 23% used [0x6b2c0000,0x6b6759b8,0x6c2c0000)
}
Event: 58.673 GC heap before
{Heap before GC invocations=2 (full 0):
 PSYoungGen      total 18176K, used 18163K [0x9dd40000, 0x9f180000, 0xb32c0000)
  eden space 15616K, 100% used [0x9dd40000,0x9ec80000,0x9ec80000)
  from space 2560K, 99% used [0x9ec80000,0x9eefce70,0x9ef00000)
  to   space 2560K, 0% used [0x9ef00000,0x9ef00000,0x9f180000)
 ParOldGen       total 41216K, used 1204K [0x732c0000, 0x75b00000, 0x9dd40000)
  object space 41216K, 2% used [0x732c0000,0x733ed0a0,0x75b00000)
 PSPermGen       total 16384K, used 3913K [0x6b2c0000, 0x6c2c0000, 0x732c0000)
  object space 16384K, 23% used [0x6b2c0000,0x6b692470,0x6c2c0000)
Event: 58.679 GC heap after
Heap after GC invocations=2 (full 0):
 PSYoungGen      total 18176K, used 2556K [0x9dd40000, 0x9f180000, 0xb32c0000)
  eden space 15616K, 0% used [0x9dd40000,0x9dd40000,0x9ec80000)
  from space 2560K, 99% used [0x9ef00000,0x9f17f3d0,0x9f180000)
  to   space 2560K, 0% used [0x9ec80000,0x9ec80000,0x9ef00000)
 ParOldGen       total 41216K, used 3219K [0x732c0000, 0x75b00000, 0x9dd40000)
  object space 41216K, 7% used [0x732c0000,0x735e4cb8,0x75b00000)
 PSPermGen       total 16384K, used 3913K [0x6b2c0000, 0x6c2c0000, 0x732c0000)
  object space 16384K, 23% used [0x6b2c0000,0x6b692470,0x6c2c0000)
}
Event: 62.842 GC heap before
{Heap before GC invocations=3 (full 0):
 PSYoungGen      total 18176K, used 18172K [0x9dd40000, 0x9f180000, 0xb32c0000)
  eden space 15616K, 100% used [0x9dd40000,0x9ec80000,0x9ec80000)
  from space 2560K, 99% used [0x9ef00000,0x9f17f3d0,0x9f180000)
  to   space 2560K, 0% used [0x9ec80000,0x9ec80000,0x9ef00000)
 ParOldGen       total 41216K, used 3219K [0x732c0000, 0x75b00000, 0x9dd40000)
  object space 41216K, 7% used [0x732c0000,0x735e4cb8,0x75b00000)
 PSPermGen       total 16384K, used 3933K [0x6b2c0000, 0x6c2c0000, 0x732c0000)
  object space 16384K, 24% used [0x6b2c0000,0x6b6975e8,0x6c2c0000)

